This is pdfTeX, Version 3.14159265-2.6-1.40.19 (MiKTeX 2.9.6630 64-bit) (preloaded format=pdflatex 2018.6.25)  11 DEC 2021 16:18
entering extended mode
**./multiCA.tex
(multiCA.tex
LaTeX2e <2017-04-15>
Babel <3.18> and hyphenation patterns for 75 language(s) loaded.
("C:\Program Files\MiKTeX 2.9\tex\latex\amscls\amsart.cls"
Document Class: amsart 2017/10/31 v2.20.4
\linespacing=\dimen102
\normalparindent=\dimen103
\normaltopskip=\skip41
("C:\Program Files\MiKTeX 2.9\tex\latex\amsmath\amsmath.sty"
Package: amsmath 2017/09/02 v2.17a AMS math features
\@mathmargin=\skip42

For additional information on amsmath, use the `?' option.
("C:\Program Files\MiKTeX 2.9\tex\latex\amsmath\amstext.sty"
Package: amstext 2000/06/29 v2.01 AMS text

("C:\Program Files\MiKTeX 2.9\tex\latex\amsmath\amsgen.sty"
File: amsgen.sty 1999/11/30 v2.0 generic functions
\@emptytoks=\toks14
\ex@=\dimen104
))
("C:\Program Files\MiKTeX 2.9\tex\latex\amsmath\amsbsy.sty"
Package: amsbsy 1999/11/29 v1.2d Bold Symbols
\pmbraise@=\dimen105
)
("C:\Program Files\MiKTeX 2.9\tex\latex\amsmath\amsopn.sty"
Package: amsopn 2016/03/08 v2.02 operator names
)
\inf@bad=\count79
LaTeX Info: Redefining \frac on input line 213.
\uproot@=\count80
\leftroot@=\count81
LaTeX Info: Redefining \overline on input line 375.
\classnum@=\count82
\DOTSCASE@=\count83
LaTeX Info: Redefining \ldots on input line 472.
LaTeX Info: Redefining \dots on input line 475.
LaTeX Info: Redefining \cdots on input line 596.
\Mathstrutbox@=\box26
\strutbox@=\box27
\big@size=\dimen106
LaTeX Font Info:    Redeclaring font encoding OML on input line 712.
LaTeX Font Info:    Redeclaring font encoding OMS on input line 713.
\macc@depth=\count84
\c@MaxMatrixCols=\count85
\dotsspace@=\muskip10
\c@parentequation=\count86
\dspbrk@lvl=\count87
\tag@help=\toks15
\row@=\count88
\column@=\count89
\maxfields@=\count90
\andhelp@=\toks16
\eqnshift@=\dimen107
\alignsep@=\dimen108
\tagshift@=\dimen109
\tagwidth@=\dimen110
\totwidth@=\dimen111
\lineht@=\dimen112
\@envbody=\toks17
\multlinegap=\skip43
\multlinetaggap=\skip44
\mathdisplay@stack=\toks18
LaTeX Info: Redefining \[ on input line 2817.
LaTeX Info: Redefining \] on input line 2818.
)
LaTeX Font Info:    Try loading font information for U+msa on input line 398.

("C:\Program Files\MiKTeX 2.9\tex\latex\amsfonts\umsa.fd"
File: umsa.fd 2013/01/14 v3.01 AMS symbols A
)
("C:\Program Files\MiKTeX 2.9\tex\latex\amsfonts\amsfonts.sty"
Package: amsfonts 2013/01/14 v3.01 Basic AMSFonts support
\symAMSa=\mathgroup4
\symAMSb=\mathgroup5
LaTeX Font Info:    Overwriting math alphabet `\mathfrak' in version `bold'
(Font)                  U/euf/m/n --> U/euf/b/n on input line 106.
)
\copyins=\insert199
\abstractbox=\box28
\listisep=\skip45
\c@part=\count91
\c@section=\count92
\c@subsection=\count93
\c@subsubsection=\count94
\c@paragraph=\count95
\c@subparagraph=\count96
\c@figure=\count97
\c@table=\count98
\abovecaptionskip=\skip46
\belowcaptionskip=\skip47
\captionindent=\dimen113
\thm@style=\toks19
\thm@bodyfont=\toks20
\thm@headfont=\toks21
\thm@notefont=\toks22
\thm@headpunct=\toks23
\thm@preskip=\skip48
\thm@postskip=\skip49
\thm@headsep=\skip50
\dth@everypar=\toks24
)
("C:\Program Files\MiKTeX 2.9\tex\latex\geometry\geometry.sty"
Package: geometry 2010/09/12 v5.6 Page Geometry

("C:\Program Files\MiKTeX 2.9\tex\latex\graphics\keyval.sty"
Package: keyval 2014/10/28 v1.15 key=value parser (DPC)
\KV@toks@=\toks25
)
("C:\Program Files\MiKTeX 2.9\tex\generic\oberdiek\ifpdf.sty"
Package: ifpdf 2017/03/15 v3.2 Provides the ifpdf switch
)
("C:\Program Files\MiKTeX 2.9\tex\generic\oberdiek\ifvtex.sty"
Package: ifvtex 2016/05/16 v1.6 Detect VTeX and its facilities (HO)
Package ifvtex Info: VTeX not detected.
)
("C:\Program Files\MiKTeX 2.9\tex\generic\ifxetex\ifxetex.sty"
Package: ifxetex 2010/09/12 v0.6 Provides ifxetex conditional
)
\Gm@cnth=\count99
\Gm@cntv=\count100
\c@Gm@tempcnt=\count101
\Gm@bindingoffset=\dimen114
\Gm@wd@mp=\dimen115
\Gm@odd@mp=\dimen116
\Gm@even@mp=\dimen117
\Gm@layoutwidth=\dimen118
\Gm@layoutheight=\dimen119
\Gm@layouthoffset=\dimen120
\Gm@layoutvoffset=\dimen121
\Gm@dimlist=\toks26

("C:\Program Files\MiKTeX 2.9\tex\latex\geometry\geometry.cfg"))
("C:\Program Files\MiKTeX 2.9\tex\latex\hyperref\hyperref.sty"
Package: hyperref 2018/02/06 v6.86b Hypertext links for LaTeX

("C:\Program Files\MiKTeX 2.9\tex\generic\oberdiek\hobsub-hyperref.sty"
Package: hobsub-hyperref 2016/05/16 v1.14 Bundle oberdiek, subset hyperref (HO)


("C:\Program Files\MiKTeX 2.9\tex\generic\oberdiek\hobsub-generic.sty"
Package: hobsub-generic 2016/05/16 v1.14 Bundle oberdiek, subset generic (HO)
Package: hobsub 2016/05/16 v1.14 Construct package bundles (HO)
Package: infwarerr 2016/05/16 v1.4 Providing info/warning/error messages (HO)
Package: ltxcmds 2016/05/16 v1.23 LaTeX kernel commands for general use (HO)
Package: ifluatex 2016/05/16 v1.4 Provides the ifluatex switch (HO)
Package ifluatex Info: LuaTeX not detected.
Package hobsub Info: Skipping package `ifvtex' (already loaded).
Package: intcalc 2016/05/16 v1.2 Expandable calculations with integers (HO)
Package hobsub Info: Skipping package `ifpdf' (already loaded).
Package: etexcmds 2016/05/16 v1.6 Avoid name clashes with e-TeX commands (HO)
Package etexcmds Info: Could not find \expanded.
(etexcmds)             That can mean that you are not using pdfTeX 1.50 or
(etexcmds)             that some package has redefined \expanded.
(etexcmds)             In the latter case, load this package earlier.
Package: kvsetkeys 2016/05/16 v1.17 Key value parser (HO)
Package: kvdefinekeys 2016/05/16 v1.4 Define keys (HO)
Package: pdftexcmds 2018/01/21 v0.26 Utility functions of pdfTeX for LuaTeX (HO
)
Package pdftexcmds Info: LuaTeX not detected.
Package pdftexcmds Info: \pdf@primitive is available.
Package pdftexcmds Info: \pdf@ifprimitive is available.
Package pdftexcmds Info: \pdfdraftmode found.
Package: pdfescape 2016/05/16 v1.14 Implements pdfTeX's escape features (HO)
Package: bigintcalc 2016/05/16 v1.4 Expandable calculations on big integers (HO
)
Package: bitset 2016/05/16 v1.2 Handle bit-vector datatype (HO)
Package: uniquecounter 2016/05/16 v1.3 Provide unlimited unique counter (HO)
)
Package hobsub Info: Skipping package `hobsub' (already loaded).
Package: letltxmacro 2016/05/16 v1.5 Let assignment for LaTeX macros (HO)
Package: hopatch 2016/05/16 v1.3 Wrapper for package hooks (HO)
Package: xcolor-patch 2016/05/16 xcolor patch
Package: atveryend 2016/05/16 v1.9 Hooks at the very end of document (HO)
Package atveryend Info: \enddocument detected (standard20110627).
Package: atbegshi 2016/06/09 v1.18 At begin shipout hook (HO)
Package: refcount 2016/05/16 v3.5 Data extraction from label references (HO)
Package: hycolor 2016/05/16 v1.8 Color options for hyperref/bookmark (HO)
)
("C:\Program Files\MiKTeX 2.9\tex\latex\oberdiek\auxhook.sty"
Package: auxhook 2016/05/16 v1.4 Hooks for auxiliary files (HO)
)
("C:\Program Files\MiKTeX 2.9\tex\latex\oberdiek\kvoptions.sty"
Package: kvoptions 2016/05/16 v3.12 Key value format for package options (HO)
)
\@linkdim=\dimen122
\Hy@linkcounter=\count102
\Hy@pagecounter=\count103

("C:\Program Files\MiKTeX 2.9\tex\latex\hyperref\pd1enc.def"
File: pd1enc.def 2018/02/06 v6.86b Hyperref: PDFDocEncoding definition (HO)
)
\Hy@SavedSpaceFactor=\count104

("C:\Program Files\MiKTeX 2.9\tex\latex\00miktex\hyperref.cfg"
File: hyperref.cfg 2002/06/06 v1.2 hyperref configuration of TeXLive
)
Package hyperref Info: Option `colorlinks' set `true' on input line 4383.
Package hyperref Info: Hyper figures OFF on input line 4509.
Package hyperref Info: Link nesting OFF on input line 4514.
Package hyperref Info: Hyper index ON on input line 4517.
Package hyperref Info: Plain pages OFF on input line 4524.
Package hyperref Info: Backreferencing OFF on input line 4529.
Package hyperref Info: Implicit mode ON; LaTeX internals redefined.
Package hyperref Info: Bookmarks ON on input line 4762.
\c@Hy@tempcnt=\count105

(C:\Users\aszabo\AppData\Roaming\MiKTeX\2.9\tex\latex\url\url.sty
\Urlmuskip=\muskip11
Package: url 2013/09/16  ver 3.4  Verb mode for urls, etc.
)
LaTeX Info: Redefining \url on input line 5115.
\XeTeXLinkMargin=\dimen123
\Fld@menulength=\count106
\Field@Width=\dimen124
\Fld@charsize=\dimen125
Package hyperref Info: Hyper figures OFF on input line 6369.
Package hyperref Info: Link nesting OFF on input line 6374.
Package hyperref Info: Hyper index ON on input line 6377.
Package hyperref Info: backreferencing OFF on input line 6384.
Package hyperref Info: Link coloring ON on input line 6387.
Package hyperref Info: Link coloring with OCG OFF on input line 6394.
Package hyperref Info: PDF/A mode OFF on input line 6399.
LaTeX Info: Redefining \ref on input line 6439.
LaTeX Info: Redefining \pageref on input line 6443.
\Hy@abspage=\count107
\c@Item=\count108
\c@Hfootnote=\count109
)
Package hyperref Info: Driver (autodetected): hpdftex.

("C:\Program Files\MiKTeX 2.9\tex\latex\hyperref\hpdftex.def"
File: hpdftex.def 2018/02/06 v6.86b Hyperref driver for pdfTeX
\Fld@listcount=\count110
\c@bookmark@seq@number=\count111

("C:\Program Files\MiKTeX 2.9\tex\latex\oberdiek\rerunfilecheck.sty"
Package: rerunfilecheck 2016/05/16 v1.8 Rerun checks for auxiliary files (HO)
Package uniquecounter Info: New unique counter `rerunfilecheck' on input line 2
82.
)
\Hy@SectionHShift=\skip51
)
\c@theorem=\count112

(multiCA.aux)
\openout1 = `multiCA.aux'.

LaTeX Font Info:    Checking defaults for OML/cmm/m/it on input line 32.
LaTeX Font Info:    ... okay on input line 32.
LaTeX Font Info:    Checking defaults for T1/cmr/m/n on input line 32.
LaTeX Font Info:    ... okay on input line 32.
LaTeX Font Info:    Checking defaults for OT1/cmr/m/n on input line 32.
LaTeX Font Info:    ... okay on input line 32.
LaTeX Font Info:    Checking defaults for OMS/cmsy/m/n on input line 32.
LaTeX Font Info:    ... okay on input line 32.
LaTeX Font Info:    Checking defaults for OMX/cmex/m/n on input line 32.
LaTeX Font Info:    ... okay on input line 32.
LaTeX Font Info:    Checking defaults for U/cmr/m/n on input line 32.
LaTeX Font Info:    ... okay on input line 32.
LaTeX Font Info:    Checking defaults for PD1/pdf/m/n on input line 32.
LaTeX Font Info:    ... okay on input line 32.
LaTeX Font Info:    Try loading font information for U+msa on input line 32.
 ("C:\Program Files\MiKTeX 2.9\tex\latex\amsfonts\umsa.fd"
File: umsa.fd 2013/01/14 v3.01 AMS symbols A
)
LaTeX Font Info:    Try loading font information for U+msb on input line 32.

("C:\Program Files\MiKTeX 2.9\tex\latex\amsfonts\umsb.fd"
File: umsb.fd 2013/01/14 v3.01 AMS symbols B
)
*geometry* driver: auto-detecting
*geometry* detected driver: pdftex
*geometry* verbose mode - [ preamble ] result:
* driver: pdftex
* paper: <default>
* layout: <same size as paper>
* layoutoffset:(h,v)=(0.0pt,0.0pt)
* modes: twoside 
* h-part:(L,W,R)=(72.26999pt, 469.75502pt, 72.26999pt)
* v-part:(T,H,B)=(72.26999pt, 650.43001pt, 72.26999pt)
* \paperwidth=614.295pt
* \paperheight=794.96999pt
* \textwidth=469.75502pt
* \textheight=650.43001pt
* \oddsidemargin=0.0pt
* \evensidemargin=0.0pt
* \topmargin=-22.0pt
* \headheight=8.0pt
* \headsep=14.0pt
* \topskip=10.0pt
* \footskip=12.0pt
* \marginparwidth=90.0pt
* \marginparsep=11.0pt
* \columnsep=10.0pt
* \skip\footins=7.0pt plus 11.0pt
* \hoffset=0.0pt
* \voffset=0.0pt
* \mag=1000
* \@twocolumnfalse
* \@twosidetrue
* \@mparswitchtrue
* \@reversemarginfalse
* (1in=72.27pt=25.4mm, 1cm=28.453pt)

\AtBeginShipoutBox=\box29
("C:\Program Files\MiKTeX 2.9\tex\latex\graphics\color.sty"
Package: color 2016/07/10 v1.1e Standard LaTeX Color (DPC)

("C:\Program Files\MiKTeX 2.9\tex\latex\graphics-cfg\color.cfg"
File: color.cfg 2016/01/02 v1.6 sample color configuration
)
Package color Info: Driver file: pdftex.def on input line 147.

("C:\Program Files\MiKTeX 2.9\tex\latex\graphics-def\pdftex.def"
File: pdftex.def 2018/01/08 v1.0l Graphics/color driver for pdftex

(C:\Users\aszabo\AppData\Roaming\MiKTeX\2.9\tex\context\base\supp-pdf.mkii
[Loading MPS to PDF converter (version 2006.09.02).]
\scratchcounter=\count113
\scratchdimen=\dimen126
\scratchbox=\box30
\nofMPsegments=\count114
\nofMParguments=\count115
\everyMPshowfont=\toks27
\MPscratchCnt=\count116
\MPscratchDim=\dimen127
\MPnumerator=\count117
\makeMPintoPDFobject=\count118
\everyMPtoPDFconversion=\toks28
)))
Package hyperref Info: Link coloring ON on input line 32.
 ("C:\Program Files\MiKTeX 2.9\tex\latex\hyperref\nameref.sty"
Package: nameref 2016/05/21 v2.44 Cross-referencing by name of section

("C:\Program Files\MiKTeX 2.9\tex\generic\oberdiek\gettitlestring.sty"
Package: gettitlestring 2016/05/16 v1.5 Cleanup title references (HO)
)
\c@section@level=\count119
)
LaTeX Info: Redefining \ref on input line 32.
LaTeX Info: Redefining \pageref on input line 32.
LaTeX Info: Redefining \nameref on input line 32.

(multiCA.out) (multiCA.out)
\@outlinefile=\write3
\openout3 = `multiCA.out'.


Overfull \hbox (87.31688pt too wide) in paragraph at lines 76--76
[][][][]\OT1/cmtt/m/n/9 #'[]@[][]param x a two-dimensional matrix of event coun
ts with the outcomes as rows and ordered groups as columns.  
 []


Underfull \vbox (badness 10000) has occurred while \output is active []

 [1{C:/Users/aszabo/AppData/Local/MiKTeX/2.9/pdftex/config/pdftex.map}]
Overfull \hbox (10.57927pt too wide) in paragraph at lines 111--114
\OT1/cmr/m/n/10 The ac-tual cal-cu-la-tion of the test stati-tis-tic, over-all 
and un-ad-justed in-di-vid-ual p-values, and cor-re-la-tion/contrast
 []

[2pdfTeX warning (ext4): destination with the same identifier (name{nuweb?}) ha
s been already used, duplicate ignored

\AtBegShi@Output ...ipout \box \AtBeginShipoutBox 
                                                  \fi \fi 
l.138 \mbox{}
             \verb@  @\\]pdfTeX warning (ext4): destination with the same ident
ifier (name{nuweb?}) has been already used, duplicate ignored
<to be read again> 
                   \relax 
l.176 \NWtarget{nuweb?}{}
                          \verb@"../R/multiCA.R"@\nobreak\ {\footnotesize {?...

Overfull \hbox (224.34029pt too wide) in paragraph at lines 182--182
[][][][]\OT1/cmtt/m/n/9 #'[]@[][]param scores non-decreaseing numeric vector of
 the same length as the number of ordered groups. Defaults to linearly increasi
ng values  
 []


Overfull \hbox (361.3637pt too wide) in paragraph at lines 183--183
[][][][]\OT1/cmtt/m/n/9 #'[]@[][]param outcomes integer or character vector def
ining the set of outcomes (by row index or row name) over which the trend shoul
d be tested. Defaults to all outcomes.  
 []


Overfull \hbox (488.93721pt too wide) in paragraph at lines 184--184
[][][][]\OT1/cmtt/m/n/9 #'[]@[][]param p.adjust.method character string definin
g the correction method for individual outcome p-values. Defaults to "closed.se
t" when \code{length(outcomes)<=3}, and "Holm-Shaffer" otherwise.  
 []


Overfull \hbox (101.49171pt too wide) in paragraph at lines 195--195
[][][]  []\OT1/cmtt/m/n/9 if (length(scores) != ncol(x)) stop("The length of th
e score vector should equal the number of columns of x")  
 []

[3]pdfTeX warning (ext4): destination with the same identifier (name{nuweb?}) h
as been already used, duplicate ignored
<to be read again> 
                   \relax 
l.232 \NWtarget{nuweb?}{}
                          \verb@"../R/multiCA.R"@\nobreak\ {\footnotesize {?...

Overfull \hbox (545.63655pt too wide) in paragraph at lines 238--238
[][][][]\OT1/cmtt/m/n/9 #'[]@[][]param formula a formula of the form \code{outc
ome ~ group} where \code{outcome} is a factor representing the cateogrical outc
ome and \code{group} is the grouping variable over which the trend is tested.  

 []


Overfull \hbox (389.71336pt too wide) in paragraph at lines 239--239
[][][][]\OT1/cmtt/m/n/9 #'[]@[][]param data  an optional matrix or data frame c
ontaining the variables in the formula \code{formula}. By default the variables
 are taken from \code{environment(formula).}  
 []


Overfull \hbox (205.4405pt too wide) in paragraph at lines 241--241
[][][][]\OT1/cmtt/m/n/9 #'[]@[][]param na.action       a function which indicat
es what should happen when the data contain NAs. Defaults to getOption("na.acti
on").  
 []


Overfull \hbox (224.34029pt too wide) in paragraph at lines 242--242
[][][][]\OT1/cmtt/m/n/9 #'[]@[][]param weights an integer-valued variable repre
senting the number of times each \code{outcome} - \code{group} combination was 
observed.  
 []

pdfTeX warning (ext4): destination with the same identifier (name{nuweb?}) has 
been already used, duplicate ignored
<to be read again> 
                   \relax 
l.277 \NWtarget{nuweb?}{}
                          \verb@"../tests/testthat/test_overall.R"@\nobreak\...
[4]pdfTeX warning (ext4): destination with the same identifier (name{nuweb?}) h
as been already used, duplicate ignored
<to be read again> 
                   \relax 
l.312 \NWtarget{nuweb?}{}
                          $\langle\,${\itshape Calculate adjusted p-values}\...
[5]pdfTeX warning (ext4): destination with the same identifier (name{nuweb?}) h
as been already used, duplicate ignored
<to be read again> 
                   \relax 
l.357 \NWtarget{nuweb?}{}
                          $\langle\,${\itshape Holm-Shaffer adjustment}\nobr...

Overfull \hbox (11.71776pt too wide) in paragraph at lines 365--365
[][][]    []\OT1/cmtt/m/n/9 indiv.res <- pmin(1, cummax((length(outcomes) - s +
 1L) * testres$indiv.p.value[o]))[ro]  
 []

pdfTeX warning (ext4): destination with the same identifier (name{nuweb?}) has 
been already used, duplicate ignored
<to be read again> 
                   \relax 
l.378 \NWtarget{nuweb?}{}
                          \verb@"../tests/testthat/test_overall.R"@\nobreak\...

Overfull \hbox (2.26787pt too wide) in paragraph at lines 394--394
[][][]    []\OT1/cmtt/m/n/9 res1a <- multiCA.test(Type ~ Year, weights=Freq, da
ta=stroke, p.adjust="Holm-Shaffer",  
 []

pdfTeX warning (ext4): destination with the same identifier (name{nuweb?}) has 
been already used, duplicate ignored
<to be read again> 
                   \relax 
l.419 \NWtarget{nuweb?}{}
                          $\langle\,${\itshape Closed set adjustment}\nobrea...
[6]pdfTeX warning (ext4): destination with the same identifier (name{nuweb?}) h
as been already used, duplicate ignored
<to be read again> 
                   \relax 
l.439 \NWtarget{nuweb?}{}
                          \verb@"../tests/testthat/test_overall.R"@\nobreak\...
pdfTeX warning (ext4): destination with the same identifier (name{nuweb?}) has 
been already used, duplicate ignored
<to be read again> 
                   \relax 
l.466 \NWtarget{nuweb?}{}
                          \verb@"../R/multiCA.R"@\nobreak\ {\footnotesize {?...

Overfull \hbox (290.48952pt too wide) in paragraph at lines 486--486
[][][][]\OT1/cmtt/m/n/9 #' []@[][]param test function that performs the local t
est. The function should accept a subvector of the hypotheses argument as input
, and return a p-value.  
 []


Overfull \hbox (92.04182pt too wide) in paragraph at lines 498--498
[][][]    []\OT1/cmtt/m/n/9 stop("no more than ", Nmax, " hypotheses supported 
in full closed testing.\n Use a shortcut-based test.")  
 []

[7]pdfTeX warning (ext4): destination with the same identifier (name{nuweb?}) h
as been already used, duplicate ignored
<to be read again> 
                   \relax 
l.543 \NWtarget{nuweb?}{}
                          $\langle\,${\itshape glht adjustment}\nobreak\ {\f...

Overfull \hbox (21.16765pt too wide) in paragraph at lines 550--550
[][][]        []\OT1/cmtt/m/n/9 testparm <-  parm(testres$indiv.statistics, tes
tres$sigma0)                             
 []

pdfTeX warning (ext4): destination with the same identifier (name{nuweb?}) has 
been already used, duplicate ignored
<to be read again> 
                   \relax 
l.566 \NWtarget{nuweb?}{}
                          $\langle\,${\itshape Calculate correlation and con...
[8]pdfTeX warning (ext4): destination with the same identifier (name{nuweb?}) h
as been already used, duplicate ignored
<to be read again> 
                   \relax 
l.610 \NWtarget{nuweb?}{}
                          \verb@"../R/multiCA.R"@\nobreak\ {\footnotesize {?...

Overfull \hbox (6.99281pt too wide) in paragraph at lines 620--620
[][][][]\OT1/cmtt/m/n/9 #' than the cumulative probability of the central chi-s
quare distribution at \code{x}, then  
 []

pdfTeX warning (ext4): destination with the same identifier (name{nuweb?}) has 
been already used, duplicate ignored
<to be read again> 
                   \relax 
l.654 \NWtarget{nuweb?}{}
                          \verb@"../tests/testthat/test_power.R"@\nobreak\ {...
[9]pdfTeX warning (ext4): destination with the same identifier (name{nuweb?}) h
as been already used, duplicate ignored
<to be read again> 
                   \relax 
l.678 \NWtarget{nuweb?}{}
                          \verb@"../R/multiCA.R"@\nobreak\ {\footnotesize {?...

Overfull \hbox (35.34248pt too wide) in paragraph at lines 692--692
[][][][]\OT1/cmtt/m/n/9 #' 2. exactly two of the parameters \code{p.ave}, \code
{slopes}, \code{p.start}, and \code{p.end}  
 []


Overfull \hbox (2.26787pt too wide) in paragraph at lines 693--693
[][][][]\OT1/cmtt/m/n/9 #' can be specified. In this case the full matrix of ou
tcome probabilites will be inferred  
 []


Overfull \hbox (106.21666pt too wide) in paragraph at lines 696--696
[][][][]\OT1/cmtt/m/n/9 #' []@[][]param N integer, the total sample size of the
 study. If \code{NULL} then \code{power} needs to be specified.  
 []


Overfull \hbox (6.99281pt too wide) in paragraph at lines 698--698
[][][][]\OT1/cmtt/m/n/9 #' []@[][]param pmatrix numeric matrix of hypothesized 
outcome probabilities in each group,  with  
 []


Overfull \hbox (40.06743pt too wide) in paragraph at lines 706--706
[][][][]\OT1/cmtt/m/n/9 #' []@[][]param scores non-decreasing numeric vector of
 the same length as the number of ordered groups   
 []


Overfull \hbox (2.26787pt too wide) in paragraph at lines 726--726
[][][][]\OT1/cmtt/m/n/9 power.multiCA.test <- function(N=NULL, power=NULL, pmat
rix=NULL, p.ave=NULL, p.start=NULL,  
 []

[10]pdfTeX warning (ext4): destination with the same identifier (name{nuweb?}) 
has been already used, duplicate ignored
<to be read again> 
                   \relax 
l.766 \NWtarget{nuweb?}{}
                          \verb@"../tests/testthat/test_power.R"@\nobreak\ {...
[11]pdfTeX warning (ext4): destination with the same identifier (name{nuweb?}) 
has been already used, duplicate ignored
<to be read again> 
                   \relax 
l.816 \NWtarget{nuweb?}{}
                          $\langle\,${\itshape Calculate p.ave and slopes fr...

Overfull \hbox (162.916pt too wide) in paragraph at lines 832--832
[][][]        []\OT1/cmtt/m/n/9 stop("Either  pmatrix, or exactly two of 'p.ave
', 'slopes', 'p.start', and 'p.end' must be specified (ie not NULL)")  
 []

[12]pdfTeX warning (ext4): destination with the same identifier (name{nuweb?}) 
has been already used, duplicate ignored
<to be read again> 
                   \relax 
l.891 \NWtarget{nuweb?}{}
                          $\langle\,${\itshape Get cbar and s2}\nobreak\ {\f...

Overfull \hbox (318.83919pt too wide) in paragraph at lines 898--898
[][][]      []\OT1/cmtt/m/n/9 else stop("The number of groups G needs to be spe
cified explicitly or implicitly through the dimensions of pmatrix, the scores, 
or the n.prop vector.")  
 []

pdfTeX warning (ext4): destination with the same identifier (name{nuweb?}) has 
been already used, duplicate ignored
<to be read again> 
                   \relax 
l.915 \NWtarget{nuweb?}{}
                          \verb@"../tests/testthat/test_power.R"@\nobreak\ {...
pdfTeX warning (ext4): destination with the same identifier (name{nuweb?}) has 
been already used, duplicate ignored
<to be read again> 
                   \relax 
l.949 \NWtarget{nuweb?}{}
                          $\langle\,${\itshape Check validity of p.ave and s...
[13]pdfTeX warning (ext4): destination with the same identifier (name{nuweb?}) 
has been already used, duplicate ignored
<to be read again> 
                   \relax 
l.972 \NWtarget{nuweb?}{}
                          \verb@"../tests/testthat/test_power.R"@\nobreak\ {...
pdfTeX warning (ext4): destination with the same identifier (name{nuweb?}) has 
been already used, duplicate ignored
<to be read again> 
                   \relax 
l.1021 \NWtarget{nuweb?}{}
                           \verb@"../R/multiCA.R"@\nobreak\ {\footnotesize {...
[14] [15]
Package atveryend Info: Empty hook `BeforeClearDocument' on input line 1111.
 [16]
Package atveryend Info: Empty hook `AfterLastShipout' on input line 1111.
 (multiCA.aux)
Package atveryend Info: Executing hook `AtVeryEndDocument' on input line 1111.
Package atveryend Info: Executing hook `AtEndAfterFileList' on input line 1111.

Package rerunfilecheck Info: File `multiCA.out' has not changed.
(rerunfilecheck)             Checksum: 64AF75C65A4BE850D98C6288C662F85A;765.
Package atveryend Info: Empty hook `AtVeryVeryEnd' on input line 1111.
 ) 
Here is how much of TeX's memory you used:
 6428 strings out of 493305
 90843 string characters out of 3138871
 191277 words of memory out of 3000000
 9735 multiletter control sequences out of 15000+200000
 13378 words of font info for 52 fonts, out of 3000000 for 9000
 1302 hyphenation exceptions out of 8191
 34i,14n,32p,385b,507s stack positions out of 5000i,500n,10000p,200000b,50000s
<C:/Program Files/MiKTeX 2.9/fonts/type1/public/amsfonts/cm/cmbx10.pfb><C:/Pr
ogram Files/MiKTeX 2.9/fonts/type1/public/amsfonts/cm/cmcsc10.pfb><C:/Program F
iles/MiKTeX 2.9/fonts/type1/public/amsfonts/cm/cmex10.pfb><C:/Program Files/MiK
TeX 2.9/fonts/type1/public/amsfonts/cm/cmmi10.pfb><C:/Program Files/MiKTeX 2.9/
fonts/type1/public/amsfonts/cm/cmmi7.pfb><C:/Program Files/MiKTeX 2.9/fonts/typ
e1/public/amsfonts/cm/cmr10.pfb><C:/Program Files/MiKTeX 2.9/fonts/type1/public
/amsfonts/cm/cmr5.pfb><C:/Program Files/MiKTeX 2.9/fonts/type1/public/amsfonts/
cm/cmr7.pfb><C:/Program Files/MiKTeX 2.9/fonts/type1/public/amsfonts/cm/cmr8.pf
b><C:/Program Files/MiKTeX 2.9/fonts/type1/public/amsfonts/cm/cmr9.pfb><C:/Prog
ram Files/MiKTeX 2.9/fonts/type1/public/amsfonts/cm/cmsy10.pfb><C:/Program File
s/MiKTeX 2.9/fonts/type1/public/amsfonts/cm/cmsy7.pfb><C:/Program Files/MiKTeX 
2.9/fonts/type1/public/amsfonts/cm/cmsy9.pfb><C:/Program Files/MiKTeX 2.9/fonts
/type1/public/amsfonts/cm/cmti10.pfb><C:/Program Files/MiKTeX 2.9/fonts/type1/p
ublic/amsfonts/cm/cmti8.pfb><C:/Program Files/MiKTeX 2.9/fonts/type1/public/ams
fonts/cm/cmti9.pfb><C:/Program Files/MiKTeX 2.9/fonts/type1/public/amsfonts/cm/
cmtt10.pfb><C:/Program Files/MiKTeX 2.9/fonts/type1/public/amsfonts/cm/cmtt8.pf
b><C:/Program Files/MiKTeX 2.9/fonts/type1/public/amsfonts/cm/cmtt9.pfb>
Output written on multiCA.pdf (16 pages, 317796 bytes).
PDF statistics:
 376 PDF objects out of 1000 (max. 8388607)
 35 named destinations out of 1000 (max. 500000)
 89 words of extra memory for PDF output out of 10000 (max. 10000000)

